<?xml version="1.0" encoding="UTF-8"?>
<!-- Generated by org.testng.reporters.JUnitReportReporter -->
<testsuite skipped="0" hostname="DESKTOP-GDI9CJ3" name="com.actitime.testscript.CustomerModule" tests="1" failures="0" timestamp="2023-03-15T13:50:33 IST" time="30.523" errors="0">
  <testcase name="testCreateCustomer" time="30.523" classname="com.actitime.testscript.CustomerModule"/>
  <system-out>
    <![CDATA[CreateCustomer]]>
  </system-out>
</testsuite> <!-- com.actitime.testscript.CustomerModule -->
